*** Using Compiler 'V5.06 update 6 (build 750)', folder: 'F:\MDK538a\Keil_v5\ARM\ARMCC\Bin'
Build target 'ROV'
compiling CAN_receive.c...
..\application\CAN_receive.c(89): warning:  #223-D: function "osDelay" declared implicitly
      osDelay(200);
..\application\CAN_receive.c(95): warning:  #1-D: last line of file ends without a newline
  }
..\application\CAN_receive.c: 2 warnings, 0 errors
compiling bsp_can.c...
compiling sth31driver.c...
compiling bsp_init.c...
compiling depth_meter_receive.c...
compiling tem_hum_task.c...
compiling thruster.c...
compiling freertos.c...
compiling IMU_receive.c...
compiling socket_receive.c...
linking...
Program Size: Code=135936 RO-data=2780 RW-data=520 ZI-data=67416  
FromELF: creating hex file...
"ROV\ROV.axf" - 0 Error(s), 2 Warning(s).
Build Time Elapsed:  00:00:42
